# JRE version: Java(TM) SE Runtime Environment 18.9 (11.0.15+8) (build 11.0.15+8-LTS-149)
# Java VM: Java HotSpot(TM) 64-Bit Server VM 18.9 (11.0.15+8-LTS-149, mixed mode, tiered, compressed oops, g1 gc, windows-amd64)
Heap:
 garbage-first heap   total 78848K, used 41361K [0x0000000682600000, 0x0000000800000000)
  region size 1024K, 17 young (17408K), 5 survivors (5120K)
 Metaspace       used 76171K, capacity 79528K, committed 79872K, reserved 1118208K
  class space    used 9220K, capacity 10399K, committed 10496K, reserved 1048576K
GC Heap History (10 events):
Event: 2071.182 GC heap after
{Heap after GC invocations=46 (full 14):
 garbage-first heap   total 78848K, used 26929K [0x0000000682600000, 0x0000000800000000)
  region size 1024K, 3 young (3072K), 3 survivors (3072K)
 Metaspace       used 74460K, capacity 77176K, committed 77440K, reserved 1116160K
  class space    used 8999K, capacity 10023K, committed 10112K, reserved 1048576K
}
Event: 2071.493 GC heap before
{Heap before GC invocations=46 (full 14):
 garbage-first heap   total 78848K, used 60721K [0x0000000682600000, 0x0000000800000000)
  region size 1024K, 36 young (36864K), 3 survivors (3072K)
 Metaspace       used 74741K, capacity 77377K, committed 77696K, reserved 1116160K
  class space    used 9013K, capacity 10025K, committed 10112K, reserved 1048576K
}
Event: 2071.497 GC heap after
{Heap after GC invocations=47 (full 14):
 garbage-first heap   total 78848K, used 29468K [0x0000000682600000, 0x0000000800000000)
  region size 1024K, 5 young (5120K), 5 survivors (5120K)
 Metaspace       used 74741K, capacity 77377K, committed 77696K, reserved 1116160K
  class space    used 9013K, capacity 10025K, committed 10112K, reserved 1048576K
}
Event: 2090.876 GC heap before
{Heap before GC invocations=47 (full 14):
 garbage-first heap   total 78848K, used 32540K [0x0000000682600000, 0x0000000800000000)
  region size 1024K, 9 young (9216K), 5 survivors (5120K)
 Metaspace       used 74748K, capacity 77383K, committed 77696K, reserved 1116160K
  class space    used 9014K, capacity 10027K, committed 10112K, reserved 1048576K
}
Event: 2090.950 GC heap after
{Heap after GC invocations=48 (full 15):
 garbage-first heap   total 78848K, used 24635K [0x0000000682600000, 0x0000000800000000)
  region size 1024K, 0 young (0K), 0 survivors (0K)
 Metaspace       used 74745K, capacity 77377K, committed 77696K, reserved 1116160K
  class space    used 9013K, capacity 10025K, committed 10112K, reserved 1048576K
}
Event: 2091.376 GC heap before
{Heap before GC invocations=48 (full 15):
 garbage-first heap   total 78848K, used 60475K [0x0000000682600000, 0x0000000800000000)
  region size 1024K, 35 young (35840K), 0 survivors (0K)
 Metaspace       used 75305K, capacity 78385K, committed 78592K, reserved 1118208K
  class space    used 9104K, capacity 10208K, committed 10240K, reserved 1048576K
}
Event: 2091.380 GC heap after
{Heap after GC invocations=49 (full 15):
 garbage-first heap   total 78848K, used 27368K [0x0000000682600000, 0x0000000800000000)
  region size 1024K, 3 young (3072K), 3 survivors (3072K)
 Metaspace       used 75305K, capacity 78385K, committed 78592K, reserved 1118208K
  class space    used 9104K, capacity 10208K, committed 10240K, reserved 1048576K
}
Event: 2091.933 GC heap before
{Heap before GC invocations=49 (full 15):
 garbage-first heap   total 78848K, used 61160K [0x0000000682600000, 0x0000000800000000)
  region size 1024K, 36 young (36864K), 3 survivors (3072K)
 Metaspace       used 76060K, capacity 79319K, committed 79488K, reserved 1118208K
  class space    used 9204K, capacity 10368K, committed 10368K, reserved 1048576K
}
Event: 2091.937 GC heap after
{Heap after GC invocations=50 (full 15):
 garbage-first heap   total 78848K, used 29849K [0x0000000682600000, 0x0000000800000000)
  region size 1024K, 5 young (5120K), 5 survivors (5120K)
 Metaspace       used 76060K, capacity 79319K, committed 79488K, reserved 1118208K
  class space    used 9204K, capacity 10368K, committed 10368K, reserved 1048576K
}
Event: 2285.966 GC heap before
{Heap before GC invocations=50 (full 15):
 garbage-first heap   total 78848K, used 41113K [0x0000000682600000, 0x0000000800000000)
  region size 1024K, 17 young (17408K), 5 survivors (5120K)
 Metaspace       used 76171K, capacity 79528K, committed 79872K, reserved 1118208K
  class space    used 9220K, capacity 10399K, committed 10496K, reserved 1048576K
}

